# JRE version: OpenJDK Runtime Environment Temurin-21.0.7+6 (21.0.7+6) (build 21.0.7+6-LTS)
# Java VM: OpenJDK 64-Bit Server VM Temurin-21.0.7+6 (21.0.7+6-LTS, mixed mode, sharing, tiered, compressed oops, compressed class ptrs, parallel gc, windows-amd64)
GC Precious Log:
 CardTable entry size: 512
 CPUs: 2 total, 2 available
 Memory: 18308M
 Large Page Support: Disabled
 NUMA Support: Disabled
 Compressed Oops: Enabled (32-bit)
 Alignments: Space 512K, Generation 512K, Heap 2M
 Heap Min Capacity: 100M
 Heap Initial Capacity: 100M
 Heap Max Capacity: 1G
 Pre-touch: Disabled
 Parallel Workers: 2
Heap:
 PSYoungGen      total 10752K, used 10734K [0x00000000eab00000, 0x00000000eb980000, 0x0000000100000000)
  eden space 8704K, 100% used [0x00000000eab00000,0x00000000eb380000,0x00000000eb380000)
  from space 2048K, 99% used [0x00000000eb580000,0x00000000eb77bbb8,0x00000000eb780000)
  to   space 2048K, 99% used [0x00000000eb780000,0x00000000eb97fb88,0x00000000eb980000)
 ParOldGen       total 599552K, used 599076K [0x00000000c0000000, 0x00000000e4980000, 0x00000000eab00000)
  object space 599552K, 99% used [0x00000000c0000000,0x00000000e49093d8,0x00000000e4980000)
 Metaspace       used 97653K, committed 99328K, reserved 1179648K
  class space    used 9563K, committed 10368K, reserved 1048576K
GC Heap History (20 events):
Event: 9506.322 GC heap after
{Heap after GC invocations=5080 (full 11):
 PSYoungGen      total 9216K, used 510K [0x00000000eab00000, 0x00000000ebc80000, 0x0000000100000000)
  eden space 8704K, 0% used [0x00000000eab00000,0x00000000eab00000,0x00000000eb380000)
  from space 512K, 99% used [0x00000000ebc00000,0x00000000ebc7fb68,0x00000000ebc80000)
  to   space 1024K, 0% used [0x00000000eba80000,0x00000000eba80000,0x00000000ebb80000)
 ParOldGen       total 588800K, used 588732K [0x00000000c0000000, 0x00000000e3f00000, 0x00000000eab00000)
  object space 588800K, 99% used [0x00000000c0000000,0x00000000e3eef058,0x00000000e3f00000)
 Metaspace       used 97642K, committed 99328K, reserved 1179648K
  class space    used 9563K, committed 10368K, reserved 1048576K
}
Event: 9506.525 GC heap before
{Heap before GC invocations=5081 (full 11):
 PSYoungGen      total 9216K, used 9214K [0x00000000eab00000, 0x00000000ebc80000, 0x0000000100000000)
  eden space 8704K, 100% used [0x00000000eab00000,0x00000000eb380000,0x00000000eb380000)
  from space 512K, 99% used [0x00000000ebc00000,0x00000000ebc7fb68,0x00000000ebc80000)
  to   space 1024K, 0% used [0x00000000eba80000,0x00000000eba80000,0x00000000ebb80000)
 ParOldGen       total 588800K, used 588732K [0x00000000c0000000, 0x00000000e3f00000, 0x00000000eab00000)
  object space 588800K, 99% used [0x00000000c0000000,0x00000000e3eef058,0x00000000e3f00000)
 Metaspace       used 97643K, committed 99328K, reserved 1179648K
  class space    used 9563K, committed 10368K, reserved 1048576K
}
Event: 9506.529 GC heap after
{Heap after GC invocations=5081 (full 11):
 PSYoungGen      total 9728K, used 1024K [0x00000000eab00000, 0x00000000ebc80000, 0x0000000100000000)
  eden space 8704K, 0% used [0x00000000eab00000,0x00000000eab00000,0x00000000eb380000)
  from space 1024K, 100% used [0x00000000eba80000,0x00000000ebb80000,0x00000000ebb80000)
  to   space 1024K, 0% used [0x00000000ebb80000,0x00000000ebb80000,0x00000000ebc80000)
 ParOldGen       total 589824K, used 589672K [0x00000000c0000000, 0x00000000e4000000, 0x00000000eab00000)
  object space 589824K, 99% used [0x00000000c0000000,0x00000000e3fda020,0x00000000e4000000)
 Metaspace       used 97643K, committed 99328K, reserved 1179648K
  class space    used 9563K, committed 10368K, reserved 1048576K
}
Event: 9506.615 GC heap before
{Heap before GC invocations=5082 (full 11):
 PSYoungGen      total 9728K, used 9728K [0x00000000eab00000, 0x00000000ebc80000, 0x0000000100000000)
  eden space 8704K, 100% used [0x00000000eab00000,0x00000000eb380000,0x00000000eb380000)
  from space 1024K, 100% used [0x00000000eba80000,0x00000000ebb80000,0x00000000ebb80000)
  to   space 1024K, 0% used [0x00000000ebb80000,0x00000000ebb80000,0x00000000ebc80000)
 ParOldGen       total 589824K, used 589672K [0x00000000c0000000, 0x00000000e4000000, 0x00000000eab00000)
  object space 589824K, 99% used [0x00000000c0000000,0x00000000e3fda020,0x00000000e4000000)
 Metaspace       used 97643K, committed 99328K, reserved 1179648K
  class space    used 9563K, committed 10368K, reserved 1048576K
}
Event: 9506.622 GC heap after
{Heap after GC invocations=5082 (full 11):
 PSYoungGen      total 9728K, used 1020K [0x00000000eab00000, 0x00000000ebc80000, 0x0000000100000000)
  eden space 8704K, 0% used [0x00000000eab00000,0x00000000eab00000,0x00000000eb380000)
  from space 1024K, 99% used [0x00000000ebb80000,0x00000000ebc7f250,0x00000000ebc80000)
  to   space 4608K, 0% used [0x00000000eb380000,0x00000000eb380000,0x00000000eb800000)
 ParOldGen       total 592896K, used 592392K [0x00000000c0000000, 0x00000000e4300000, 0x00000000eab00000)
  object space 592896K, 99% used [0x00000000c0000000,0x00000000e4282090,0x00000000e4300000)
 Metaspace       used 97643K, committed 99328K, reserved 1179648K
  class space    used 9563K, committed 10368K, reserved 1048576K
}
Event: 9506.769 GC heap before
{Heap before GC invocations=5083 (full 11):
 PSYoungGen      total 9728K, used 9724K [0x00000000eab00000, 0x00000000ebc80000, 0x0000000100000000)
  eden space 8704K, 99% used [0x00000000eab00000,0x00000000eb37ffe8,0x00000000eb380000)
  from space 1024K, 99% used [0x00000000ebb80000,0x00000000ebc7f250,0x00000000ebc80000)
  to   space 4608K, 0% used [0x00000000eb380000,0x00000000eb380000,0x00000000eb800000)
 ParOldGen       total 592896K, used 592392K [0x00000000c0000000, 0x00000000e4300000, 0x00000000eab00000)
  object space 592896K, 99% used [0x00000000c0000000,0x00000000e4282090,0x00000000e4300000)
 Metaspace       used 97644K, committed 99328K, reserved 1179648K
  class space    used 9563K, committed 10368K, reserved 1048576K
}
Event: 9506.774 GC heap after
{Heap after GC invocations=5083 (full 11):
 PSYoungGen      total 13312K, used 1214K [0x00000000eab00000, 0x00000000ebc00000, 0x0000000100000000)
  eden space 8704K, 0% used [0x00000000eab00000,0x00000000eab00000,0x00000000eb380000)
  from space 4608K, 26% used [0x00000000eb380000,0x00000000eb4afb90,0x00000000eb800000)
  to   space 2560K, 0% used [0x00000000eb980000,0x00000000eb980000,0x00000000ebc00000)
 ParOldGen       total 593408K, used 593345K [0x00000000c0000000, 0x00000000e4380000, 0x00000000eab00000)
  object space 593408K, 99% used [0x00000000c0000000,0x00000000e4370780,0x00000000e4380000)
 Metaspace       used 97644K, committed 99328K, reserved 1179648K
  class space    used 9563K, committed 10368K, reserved 1048576K
}
Event: 9506.967 GC heap before
{Heap before GC invocations=5084 (full 11):
 PSYoungGen      total 13312K, used 9918K [0x00000000eab00000, 0x00000000ebc00000, 0x0000000100000000)
  eden space 8704K, 100% used [0x00000000eab00000,0x00000000eb380000,0x00000000eb380000)
  from space 4608K, 26% used [0x00000000eb380000,0x00000000eb4afb90,0x00000000eb800000)
  to   space 2560K, 0% used [0x00000000eb980000,0x00000000eb980000,0x00000000ebc00000)
 ParOldGen       total 593408K, used 593345K [0x00000000c0000000, 0x00000000e4380000, 0x00000000eab00000)
  object space 593408K, 99% used [0x00000000c0000000,0x00000000e4370780,0x00000000e4380000)
 Metaspace       used 97644K, committed 99328K, reserved 1179648K
  class space    used 9563K, committed 10368K, reserved 1048576K
}
Event: 9506.976 GC heap after
{Heap after GC invocations=5084 (full 11):
 PSYoungGen      total 10752K, used 1661K [0x00000000eab00000, 0x00000000ebb80000, 0x0000000100000000)
  eden space 8704K, 0% used [0x00000000eab00000,0x00000000eab00000,0x00000000eb380000)
  from space 2048K, 81% used [0x00000000eb980000,0x00000000ebb1f740,0x00000000ebb80000)
  to   space 2048K, 0% used [0x00000000eb780000,0x00000000eb780000,0x00000000eb980000)
 ParOldGen       total 594944K, used 594479K [0x00000000c0000000, 0x00000000e4500000, 0x00000000eab00000)
  object space 594944K, 99% used [0x00000000c0000000,0x00000000e448be90,0x00000000e4500000)
 Metaspace       used 97644K, committed 99328K, reserved 1179648K
  class space    used 9563K, committed 10368K, reserved 1048576K
}
Event: 9506.994 GC heap before
{Heap before GC invocations=5085 (full 11):
 PSYoungGen      total 10752K, used 10365K [0x00000000eab00000, 0x00000000ebb80000, 0x0000000100000000)
  eden space 8704K, 100% used [0x00000000eab00000,0x00000000eb380000,0x00000000eb380000)
  from space 2048K, 81% used [0x00000000eb980000,0x00000000ebb1f740,0x00000000ebb80000)
  to   space 2048K, 0% used [0x00000000eb780000,0x00000000eb780000,0x00000000eb980000)
 ParOldGen       total 594944K, used 594479K [0x00000000c0000000, 0x00000000e4500000, 0x00000000eab00000)
  object space 594944K, 99% used [0x00000000c0000000,0x00000000e448be90,0x00000000e4500000)
 Metaspace       used 97644K, committed 99328K, reserved 1179648K
  class space    used 9563K, committed 10368K, reserved 1048576K
}
Event: 9506.997 GC heap after
{Heap after GC invocations=5085 (full 11):
 PSYoungGen      total 9216K, used 64K [0x00000000eab00000, 0x00000000eba00000, 0x0000000100000000)
  eden space 8704K, 0% used [0x00000000eab00000,0x00000000eab00000,0x00000000eb380000)
  from space 512K, 12% used [0x00000000eb780000,0x00000000eb790000,0x00000000eb800000)
  to   space 1024K, 0% used [0x00000000eb900000,0x00000000eb900000,0x00000000eba00000)
 ParOldGen       total 595968K, used 595510K [0x00000000c0000000, 0x00000000e4600000, 0x00000000eab00000)
  object space 595968K, 99% used [0x00000000c0000000,0x00000000e458da40,0x00000000e4600000)
 Metaspace       used 97644K, committed 99328K, reserved 1179648K
  class space    used 9563K, committed 10368K, reserved 1048576K
}
Event: 9507.088 GC heap before
{Heap before GC invocations=5086 (full 11):
 PSYoungGen      total 9216K, used 8767K [0x00000000eab00000, 0x00000000eba00000, 0x0000000100000000)
  eden space 8704K, 99% used [0x00000000eab00000,0x00000000eb37fff8,0x00000000eb380000)
  from space 512K, 12% used [0x00000000eb780000,0x00000000eb790000,0x00000000eb800000)
  to   space 1024K, 0% used [0x00000000eb900000,0x00000000eb900000,0x00000000eba00000)
 ParOldGen       total 595968K, used 595510K [0x00000000c0000000, 0x00000000e4600000, 0x00000000eab00000)
  object space 595968K, 99% used [0x00000000c0000000,0x00000000e458da40,0x00000000e4600000)
 Metaspace       used 97644K, committed 99328K, reserved 1179648K
  class space    used 9563K, committed 10368K, reserved 1048576K
}
Event: 9507.090 GC heap after
{Heap after GC invocations=5086 (full 11):
 PSYoungGen      total 9728K, used 720K [0x00000000eab00000, 0x00000000eba00000, 0x0000000100000000)
  eden space 8704K, 0% used [0x00000000eab00000,0x00000000eab00000,0x00000000eb380000)
  from space 1024K, 70% used [0x00000000eb900000,0x00000000eb9b4030,0x00000000eba00000)
  to   space 1024K, 0% used [0x00000000eb800000,0x00000000eb800000,0x00000000eb900000)
 ParOldGen       total 595968K, used 595534K [0x00000000c0000000, 0x00000000e4600000, 0x00000000eab00000)
  object space 595968K, 99% used [0x00000000c0000000,0x00000000e4593a40,0x00000000e4600000)
 Metaspace       used 97644K, committed 99328K, reserved 1179648K
  class space    used 9563K, committed 10368K, reserved 1048576K
}
Event: 9507.299 GC heap before
{Heap before GC invocations=5087 (full 11):
 PSYoungGen      total 9728K, used 9424K [0x00000000eab00000, 0x00000000eba00000, 0x0000000100000000)
  eden space 8704K, 100% used [0x00000000eab00000,0x00000000eb380000,0x00000000eb380000)
  from space 1024K, 70% used [0x00000000eb900000,0x00000000eb9b4030,0x00000000eba00000)
  to   space 1024K, 0% used [0x00000000eb800000,0x00000000eb800000,0x00000000eb900000)
 ParOldGen       total 595968K, used 595534K [0x00000000c0000000, 0x00000000e4600000, 0x00000000eab00000)
  object space 595968K, 99% used [0x00000000c0000000,0x00000000e4593a40,0x00000000e4600000)
 Metaspace       used 97644K, committed 99328K, reserved 1179648K
  class space    used 9563K, committed 10368K, reserved 1048576K
}
Event: 9507.303 GC heap after
{Heap after GC invocations=5087 (full 11):
 PSYoungGen      total 9728K, used 670K [0x00000000eab00000, 0x00000000eb980000, 0x0000000100000000)
  eden space 8704K, 0% used [0x00000000eab00000,0x00000000eab00000,0x00000000eb380000)
  from space 1024K, 65% used [0x00000000eb800000,0x00000000eb8a7b90,0x00000000eb900000)
  to   space 512K, 0% used [0x00000000eb900000,0x00000000eb900000,0x00000000eb980000)
 ParOldGen       total 595968K, used 595550K [0x00000000c0000000, 0x00000000e4600000, 0x00000000eab00000)
  object space 595968K, 99% used [0x00000000c0000000,0x00000000e4597a40,0x00000000e4600000)
 Metaspace       used 97644K, committed 99328K, reserved 1179648K
  class space    used 9563K, committed 10368K, reserved 1048576K
}
Event: 9507.345 GC heap before
{Heap before GC invocations=5088 (full 11):
 PSYoungGen      total 9728K, used 9374K [0x00000000eab00000, 0x00000000eb980000, 0x0000000100000000)
  eden space 8704K, 100% used [0x00000000eab00000,0x00000000eb380000,0x00000000eb380000)
  from space 1024K, 65% used [0x00000000eb800000,0x00000000eb8a7b90,0x00000000eb900000)
  to   space 512K, 0% used [0x00000000eb900000,0x00000000eb900000,0x00000000eb980000)
 ParOldGen       total 595968K, used 595550K [0x00000000c0000000, 0x00000000e4600000, 0x00000000eab00000)
  object space 595968K, 99% used [0x00000000c0000000,0x00000000e4597a40,0x00000000e4600000)
 Metaspace       used 97647K, committed 99328K, reserved 1179648K
  class space    used 9563K, committed 10368K, reserved 1048576K
}
Event: 9507.349 GC heap after
{Heap after GC invocations=5088 (full 11):
 PSYoungGen      total 9216K, used 510K [0x00000000eab00000, 0x00000000eb980000, 0x0000000100000000)
  eden space 8704K, 0% used [0x00000000eab00000,0x00000000eab00000,0x00000000eb380000)
  from space 512K, 99% used [0x00000000eb900000,0x00000000eb97fb70,0x00000000eb980000)
  to   space 2048K, 0% used [0x00000000eb580000,0x00000000eb580000,0x00000000eb780000)
 ParOldGen       total 596992K, used 596630K [0x00000000c0000000, 0x00000000e4700000, 0x00000000eab00000)
  object space 596992K, 99% used [0x00000000c0000000,0x00000000e46a5a70,0x00000000e4700000)
 Metaspace       used 97647K, committed 99328K, reserved 1179648K
  class space    used 9563K, committed 10368K, reserved 1048576K
}
Event: 9507.619 GC heap before
{Heap before GC invocations=5089 (full 11):
 PSYoungGen      total 9216K, used 9214K [0x00000000eab00000, 0x00000000eb980000, 0x0000000100000000)
  eden space 8704K, 100% used [0x00000000eab00000,0x00000000eb380000,0x00000000eb380000)
  from space 512K, 99% used [0x00000000eb900000,0x00000000eb97fb70,0x00000000eb980000)
  to   space 2048K, 0% used [0x00000000eb580000,0x00000000eb580000,0x00000000eb780000)
 ParOldGen       total 596992K, used 596630K [0x00000000c0000000, 0x00000000e4700000, 0x00000000eab00000)
  object space 596992K, 99% used [0x00000000c0000000,0x00000000e46a5a70,0x00000000e4700000)
 Metaspace       used 97653K, committed 99328K, reserved 1179648K
  class space    used 9563K, committed 10368K, reserved 1048576K
}
Event: 9507.625 GC heap after
{Heap after GC invocations=5089 (full 11):
 PSYoungGen      total 10752K, used 2030K [0x00000000eab00000, 0x00000000eb980000, 0x0000000100000000)
  eden space 8704K, 0% used [0x00000000eab00000,0x00000000eab00000,0x00000000eb380000)
  from space 2048K, 99% used [0x00000000eb580000,0x00000000eb77bbb8,0x00000000eb780000)
  to   space 2048K, 0% used [0x00000000eb780000,0x00000000eb780000,0x00000000eb980000)
 ParOldGen       total 597504K, used 597275K [0x00000000c0000000, 0x00000000e4780000, 0x00000000eab00000)
  object space 597504K, 99% used [0x00000000c0000000,0x00000000e4746ef0,0x00000000e4780000)
 Metaspace       used 97653K, committed 99328K, reserved 1179648K
  class space    used 9563K, committed 10368K, reserved 1048576K
}
Event: 9507.770 GC heap before
{Heap before GC invocations=5090 (full 11):
 PSYoungGen      total 10752K, used 10734K [0x00000000eab00000, 0x00000000eb980000, 0x0000000100000000)
  eden space 8704K, 100% used [0x00000000eab00000,0x00000000eb380000,0x00000000eb380000)
  from space 2048K, 99% used [0x00000000eb580000,0x00000000eb77bbb8,0x00000000eb780000)
  to   space 2048K, 0% used [0x00000000eb780000,0x00000000eb780000,0x00000000eb980000)
 ParOldGen       total 597504K, used 597275K [0x00000000c0000000, 0x00000000e4780000, 0x00000000eab00000)
  object space 597504K, 99% used [0x00000000c0000000,0x00000000e4746ef0,0x00000000e4780000)
 Metaspace       used 97653K, committed 99328K, reserved 1179648K
  class space    used 9563K, committed 10368K, reserved 1048576K
}

